2025-06-15 17:10:11 [main] INFO  app.Application - Starting Application using Java 23 with PID 12932 (F:\DEV\Spring-secure-api\target\classes started by ALEX in F:\DEV\Spring-secure-api)
2025-06-15 17:10:11 [main] INFO  app.Application - No active profile set, falling back to 1 default profile: "default"
2025-06-15 17:10:13 [main] INFO  o.s.b.w.e.tomcat.TomcatWebServer - Tomcat initialized with port 8080 (http)
2025-06-15 17:10:13 [main] INFO  o.a.coyote.http11.Http11NioProtocol - Initializing ProtocolHandler ["http-nio-8080"]
2025-06-15 17:10:13 [main] INFO  o.a.catalina.core.StandardService - Starting service [Tomcat]
2025-06-15 17:10:13 [main] INFO  o.a.catalina.core.StandardEngine - Starting Servlet engine: [Apache Tomcat/10.1.41]
2025-06-15 17:10:14 [main] INFO  o.a.c.c.C.[Tomcat].[localhost].[/] - Initializing Spring embedded WebApplicationContext
2025-06-15 17:10:14 [main] INFO  o.s.b.w.s.c.ServletWebServerApplicationContext - Root WebApplicationContext: initialization completed in 2175 ms
2025-06-15 17:10:14 [main] INFO  app.config.SecurityConfig - Initializing JWT Encoder...
2025-06-15 17:10:14 [main] INFO  app.config.SecurityConfig - Initializing in-memory user store...
2025-06-15 17:10:14 [main] INFO  app.config.SecurityConfig - Initializing AuthenticationManager...
2025-06-15 17:10:14 [main] INFO  app.config.SecurityConfig - Initializing JWT Decoder...
2025-06-15 17:10:14 [main] DEBUG o.s.w.s.m.m.a.RequestMappingHandlerMapping - 6 mappings in 'requestMappingHandlerMapping'
2025-06-15 17:10:14 [main] DEBUG o.s.w.s.h.SimpleUrlHandlerMapping - Patterns [/webjars/**, /**] in 'resourceHandlerMapping'
2025-06-15 17:10:14 [main] INFO  o.s.s.c.a.a.c.InitializeAuthenticationProviderBeanManagerConfigurer$InitializeAuthenticationProviderManagerConfigurer - Global AuthenticationManager configured with AuthenticationProvider bean with name customJwtAuthenticationProvider
2025-06-15 17:10:14 [main] WARN  o.s.s.c.a.a.c.InitializeUserDetailsBeanManagerConfigurer$InitializeUserDetailsManagerConfigurer - Global AuthenticationManager configured with an AuthenticationProvider bean. UserDetailsService beans will not be used by Spring Security for automatically configuring username/password login. Consider removing the AuthenticationProvider bean. Alternatively, consider using the UserDetailsService in a manually instantiated DaoAuthenticationProvider. If the current configuration is intentional, to turn off this warning, increase the logging level of 'org.springframework.security.config.annotation.authentication.configuration.InitializeUserDetailsBeanManagerConfigurer' to ERROR
2025-06-15 17:10:15 [main] INFO  app.config.SecurityConfig - Configuring security filter chain...
2025-06-15 17:10:15 [main] DEBUG o.s.s.web.DefaultSecurityFilterChain - Will secure any request with filters: DisableEncodeUrlFilter, WebAsyncManagerIntegrationFilter, SecurityContextHolderFilter, HeaderWriterFilter, LogoutFilter, UsernamePasswordAuthenticationFilter, DefaultResourcesFilter, DefaultLoginPageGeneratingFilter, DefaultLogoutPageGeneratingFilter, BearerTokenAuthenticationFilter, AuthenticationFilter, RequestCacheAwareFilter, SecurityContextHolderAwareRequestFilter, AnonymousAuthenticationFilter, SessionManagementFilter, ExceptionTranslationFilter, AuthorizationFilter
2025-06-15 17:10:15 [main] DEBUG o.s.w.s.m.m.a.RequestMappingHandlerAdapter - ControllerAdvice beans: 0 @ModelAttribute, 0 @InitBinder, 1 RequestBodyAdvice, 1 ResponseBodyAdvice
2025-06-15 17:10:15 [main] DEBUG o.s.w.s.m.m.a.ExceptionHandlerExceptionResolver - ControllerAdvice beans: 0 @ExceptionHandler, 1 ResponseBodyAdvice
2025-06-15 17:10:15 [main] INFO  o.a.coyote.http11.Http11NioProtocol - Starting ProtocolHandler ["http-nio-8080"]
2025-06-15 17:10:15 [main] INFO  o.s.b.w.e.tomcat.TomcatWebServer - Tomcat started on port 8080 (http) with context path '/'
2025-06-15 17:10:15 [main] INFO  app.Application - Started Application in 4.765 seconds (process running for 6.556)
2025-06-15 17:10:37 [http-nio-8080-exec-1] INFO  o.a.c.c.C.[Tomcat].[localhost].[/] - Initializing Spring DispatcherServlet 'dispatcherServlet'
2025-06-15 17:10:37 [http-nio-8080-exec-1] INFO  o.s.web.servlet.DispatcherServlet - Initializing Servlet 'dispatcherServlet'
2025-06-15 17:10:37 [http-nio-8080-exec-1] DEBUG o.s.web.servlet.DispatcherServlet - Detected StandardServletMultipartResolver
2025-06-15 17:10:37 [http-nio-8080-exec-1] DEBUG o.s.web.servlet.DispatcherServlet - Detected AcceptHeaderLocaleResolver
2025-06-15 17:10:37 [http-nio-8080-exec-1] DEBUG o.s.web.servlet.DispatcherServlet - Detected FixedThemeResolver
2025-06-15 17:10:37 [http-nio-8080-exec-1] DEBUG o.s.web.servlet.DispatcherServlet - Detected org.springframework.web.servlet.view.DefaultRequestToViewNameTranslator@3afb8537
2025-06-15 17:10:37 [http-nio-8080-exec-1] DEBUG o.s.web.servlet.DispatcherServlet - Detected org.springframework.web.servlet.support.SessionFlashMapManager@33876299
2025-06-15 17:10:37 [http-nio-8080-exec-1] DEBUG o.s.web.servlet.DispatcherServlet - enableLoggingRequestDetails='false': request parameters and headers will be masked to prevent unsafe logging of potentially sensitive data
2025-06-15 17:10:37 [http-nio-8080-exec-1] INFO  o.s.web.servlet.DispatcherServlet - Completed initialization in 33 ms
2025-06-15 17:10:37 [http-nio-8080-exec-1] DEBUG o.s.security.web.FilterChainProxy - Securing POST /auth/login
2025-06-15 17:10:37 [http-nio-8080-exec-1] DEBUG o.s.s.w.a.AnonymousAuthenticationFilter - Set SecurityContextHolder to anonymous SecurityContext
2025-06-15 17:10:37 [http-nio-8080-exec-1] DEBUG o.s.security.web.FilterChainProxy - Secured POST /auth/login
2025-06-15 17:10:37 [http-nio-8080-exec-1] DEBUG o.s.web.servlet.DispatcherServlet - POST "/auth/login", parameters={}
2025-06-15 17:10:37 [http-nio-8080-exec-1] DEBUG o.s.w.s.m.m.a.RequestMappingHandlerMapping - Mapped to app.controller.AuthController#login(LoginRequest)
2025-06-15 17:10:38 [http-nio-8080-exec-1] DEBUG o.s.w.s.m.m.a.RequestResponseBodyMethodProcessor - Read "application/json;charset=UTF-8" to [app.dto.LoginRequest@730cce8e]
2025-06-15 17:10:38 [http-nio-8080-exec-1] INFO  app.controller.AuthController - Login request for user: alex
2025-06-15 17:10:38 [http-nio-8080-exec-1] DEBUG o.s.s.a.d.DaoAuthenticationProvider - Authenticated user
2025-06-15 17:10:38 [http-nio-8080-exec-1] INFO  app.controller.AuthController - Token generated successfully for user: alex
2025-06-15 17:10:38 [http-nio-8080-exec-1] DEBUG o.s.w.s.m.m.a.RequestResponseBodyMethodProcessor - Using 'application/json', given [*/*] and supported [application/json, application/*+json]
2025-06-15 17:10:38 [http-nio-8080-exec-1] DEBUG o.s.w.s.m.m.a.RequestResponseBodyMethodProcessor - Writing [{status=success, token=eyJhbGciOiJSUzI1NiJ9.eyJpc3MiOiJzZWxmIiwic3ViIjoiYWxleCIsImV4cCI6MTc1MDAwMzgz (truncated)...]
2025-06-15 17:10:38 [http-nio-8080-exec-1] DEBUG o.s.web.servlet.DispatcherServlet - Completed 200 OK
2025-06-15 17:11:27 [http-nio-8080-exec-2] DEBUG o.s.security.web.FilterChainProxy - Securing GET /profile
2025-06-15 17:11:27 [http-nio-8080-exec-2] DEBUG o.s.s.o.s.r.a.JwtAuthenticationProvider - Authenticated token
2025-06-15 17:11:27 [http-nio-8080-exec-2] DEBUG o.s.s.o.s.r.w.a.BearerTokenAuthenticationFilter - Set SecurityContextHolder to JwtAuthenticationToken [Principal=org.springframework.security.oauth2.jwt.Jwt@a5c51f46, Credentials=[PROTECTED], Authenticated=true, Details=WebAuthenticationDetails [RemoteIpAddress=127.0.0.1, SessionId=null], Granted Authorities=[SCOPE_ROLE_USER]]
2025-06-15 17:11:27 [http-nio-8080-exec-2] DEBUG o.s.security.web.FilterChainProxy - Secured GET /profile
2025-06-15 17:11:27 [http-nio-8080-exec-2] DEBUG o.s.web.servlet.DispatcherServlet - GET "/profile", parameters={}
2025-06-15 17:11:27 [http-nio-8080-exec-2] DEBUG o.s.w.s.m.m.a.RequestMappingHandlerMapping - Mapped to app.controller.HomeController#profile()
2025-06-15 17:11:27 [http-nio-8080-exec-2] DEBUG o.s.w.s.m.m.a.RequestResponseBodyMethodProcessor - Using 'application/json', given [*/*] and supported [application/json, application/*+json]
2025-06-15 17:11:27 [http-nio-8080-exec-2] DEBUG o.s.w.s.m.m.a.RequestResponseBodyMethodProcessor - Writing [{iss=self, sub=alex, exp=2025-06-15T16:10:38Z, iat=2025-06-15T15:10:38Z, scope=ROLE_USER}]
2025-06-15 17:11:27 [http-nio-8080-exec-2] DEBUG o.s.web.servlet.DispatcherServlet - Completed 200 OK
2025-06-15 17:11:34 [http-nio-8080-exec-3] DEBUG o.s.security.web.FilterChainProxy - Securing GET /
2025-06-15 17:11:34 [http-nio-8080-exec-3] DEBUG o.s.s.o.jwt.JwtTimestampValidator - Jwt expired at 2025-06-15T13:54:03Z
2025-06-15 17:11:34 [http-nio-8080-exec-3] DEBUG o.s.s.o.s.r.a.JwtAuthenticationProvider - Failed to authenticate since the JWT was invalid
2025-06-15 17:11:34 [http-nio-8080-exec-3] DEBUG o.s.s.authentication.ProviderManager - Authentication failed with provider JwtAuthenticationProvider since An error occurred while attempting to decode the Jwt: Jwt expired at 2025-06-15T13:54:03Z
2025-06-15 17:11:34 [http-nio-8080-exec-3] DEBUG o.s.s.authentication.ProviderManager - Denying authentication since all attempted providers failed
2025-06-15 17:11:59 [http-nio-8080-exec-5] DEBUG o.s.security.web.FilterChainProxy - Securing GET /
2025-06-15 17:11:59 [http-nio-8080-exec-5] DEBUG o.s.s.o.s.r.a.JwtAuthenticationProvider - Authenticated token
2025-06-15 17:11:59 [http-nio-8080-exec-5] DEBUG o.s.s.o.s.r.w.a.BearerTokenAuthenticationFilter - Set SecurityContextHolder to JwtAuthenticationToken [Principal=org.springframework.security.oauth2.jwt.Jwt@a5c51f46, Credentials=[PROTECTED], Authenticated=true, Details=WebAuthenticationDetails [RemoteIpAddress=127.0.0.1, SessionId=null], Granted Authorities=[SCOPE_ROLE_USER]]
2025-06-15 17:11:59 [http-nio-8080-exec-5] DEBUG o.s.security.web.FilterChainProxy - Secured GET /
2025-06-15 17:11:59 [http-nio-8080-exec-5] DEBUG o.s.web.servlet.DispatcherServlet - GET "/", parameters={}
2025-06-15 17:11:59 [http-nio-8080-exec-5] DEBUG o.s.w.s.m.m.a.RequestMappingHandlerMapping - Mapped to app.controller.HomeController#home(Principal)
2025-06-15 17:11:59 [http-nio-8080-exec-5] DEBUG o.s.w.s.m.m.a.RequestResponseBodyMethodProcessor - Using 'application/json', given [*/*] and supported [application/json, application/*+json]
2025-06-15 17:11:59 [http-nio-8080-exec-5] DEBUG o.s.w.s.m.m.a.RequestResponseBodyMethodProcessor - Writing [{message=Welcome to the API, username=alex}]
2025-06-15 17:11:59 [http-nio-8080-exec-5] DEBUG o.s.web.servlet.DispatcherServlet - Completed 200 OK
2025-06-15 17:12:07 [http-nio-8080-exec-6] DEBUG o.s.security.web.FilterChainProxy - Securing POST /logout
2025-06-15 17:12:07 [http-nio-8080-exec-6] DEBUG o.s.s.o.jwt.JwtTimestampValidator - Jwt expired at 2025-06-15T13:54:03Z
2025-06-15 17:12:07 [http-nio-8080-exec-6] DEBUG o.s.s.o.s.r.a.JwtAuthenticationProvider - Failed to authenticate since the JWT was invalid
2025-06-15 17:12:07 [http-nio-8080-exec-6] DEBUG o.s.s.authentication.ProviderManager - Authentication failed with provider JwtAuthenticationProvider since An error occurred while attempting to decode the Jwt: Jwt expired at 2025-06-15T13:54:03Z
2025-06-15 17:12:07 [http-nio-8080-exec-6] DEBUG o.s.s.authentication.ProviderManager - Denying authentication since all attempted providers failed
2025-06-15 17:12:42 [http-nio-8080-exec-9] DEBUG o.s.security.web.FilterChainProxy - Securing GET /profile
2025-06-15 17:12:42 [http-nio-8080-exec-9] DEBUG o.s.s.o.s.r.a.JwtAuthenticationProvider - Authenticated token
2025-06-15 17:12:42 [http-nio-8080-exec-9] DEBUG o.s.s.o.s.r.w.a.BearerTokenAuthenticationFilter - Set SecurityContextHolder to JwtAuthenticationToken [Principal=org.springframework.security.oauth2.jwt.Jwt@a5c51f46, Credentials=[PROTECTED], Authenticated=true, Details=WebAuthenticationDetails [RemoteIpAddress=127.0.0.1, SessionId=null], Granted Authorities=[SCOPE_ROLE_USER]]
2025-06-15 17:12:42 [http-nio-8080-exec-9] DEBUG o.s.security.web.FilterChainProxy - Secured GET /profile
2025-06-15 17:12:42 [http-nio-8080-exec-9] DEBUG o.s.web.servlet.DispatcherServlet - GET "/profile", parameters={}
2025-06-15 17:12:42 [http-nio-8080-exec-9] DEBUG o.s.w.s.m.m.a.RequestMappingHandlerMapping - Mapped to app.controller.HomeController#profile()
2025-06-15 17:12:42 [http-nio-8080-exec-9] DEBUG o.s.w.s.m.m.a.RequestResponseBodyMethodProcessor - Using 'application/json', given [*/*] and supported [application/json, application/*+json]
2025-06-15 17:12:42 [http-nio-8080-exec-9] DEBUG o.s.w.s.m.m.a.RequestResponseBodyMethodProcessor - Writing [{iss=self, sub=alex, exp=2025-06-15T16:10:38Z, iat=2025-06-15T15:10:38Z, scope=ROLE_USER}]
2025-06-15 17:12:42 [http-nio-8080-exec-9] DEBUG o.s.web.servlet.DispatcherServlet - Completed 200 OK
2025-06-15 17:12:45 [http-nio-8080-exec-10] DEBUG o.s.security.web.FilterChainProxy - Securing POST /logout
2025-06-15 17:12:45 [http-nio-8080-exec-10] DEBUG o.s.s.o.jwt.JwtTimestampValidator - Jwt expired at 2025-06-15T13:54:03Z
2025-06-15 17:12:45 [http-nio-8080-exec-10] DEBUG o.s.s.o.s.r.a.JwtAuthenticationProvider - Failed to authenticate since the JWT was invalid
2025-06-15 17:12:45 [http-nio-8080-exec-10] DEBUG o.s.s.authentication.ProviderManager - Authentication failed with provider JwtAuthenticationProvider since An error occurred while attempting to decode the Jwt: Jwt expired at 2025-06-15T13:54:03Z
2025-06-15 17:12:45 [http-nio-8080-exec-10] DEBUG o.s.s.authentication.ProviderManager - Denying authentication since all attempted providers failed
2025-06-15 17:13:00 [http-nio-8080-exec-2] DEBUG o.s.security.web.FilterChainProxy - Securing POST /auth/logout
2025-06-15 17:13:00 [http-nio-8080-exec-2] DEBUG o.s.s.w.a.logout.LogoutFilter - Logging out [null]
2025-06-15 17:13:00 [http-nio-8080-exec-2] DEBUG o.s.s.web.DefaultRedirectStrategy - Redirecting to /login?logout
2025-06-15 17:13:00 [http-nio-8080-exec-3] DEBUG o.s.security.web.FilterChainProxy - Securing GET /login?logout
2025-06-15 17:13:15 [http-nio-8080-exec-5] DEBUG o.s.security.web.FilterChainProxy - Securing GET /profile
2025-06-15 17:13:15 [http-nio-8080-exec-5] DEBUG o.s.s.o.s.r.a.JwtAuthenticationProvider - Authenticated token
2025-06-15 17:13:15 [http-nio-8080-exec-5] DEBUG o.s.s.o.s.r.w.a.BearerTokenAuthenticationFilter - Set SecurityContextHolder to JwtAuthenticationToken [Principal=org.springframework.security.oauth2.jwt.Jwt@a5c51f46, Credentials=[PROTECTED], Authenticated=true, Details=WebAuthenticationDetails [RemoteIpAddress=127.0.0.1, SessionId=null], Granted Authorities=[SCOPE_ROLE_USER]]
2025-06-15 17:13:15 [http-nio-8080-exec-5] DEBUG o.s.security.web.FilterChainProxy - Secured GET /profile
2025-06-15 17:13:15 [http-nio-8080-exec-5] DEBUG o.s.web.servlet.DispatcherServlet - GET "/profile", parameters={}
2025-06-15 17:13:15 [http-nio-8080-exec-5] DEBUG o.s.w.s.m.m.a.RequestMappingHandlerMapping - Mapped to app.controller.HomeController#profile()
2025-06-15 17:13:15 [http-nio-8080-exec-5] DEBUG o.s.w.s.m.m.a.RequestResponseBodyMethodProcessor - Using 'application/json', given [*/*] and supported [application/json, application/*+json]
2025-06-15 17:13:15 [http-nio-8080-exec-5] DEBUG o.s.w.s.m.m.a.RequestResponseBodyMethodProcessor - Writing [{iss=self, sub=alex, exp=2025-06-15T16:10:38Z, iat=2025-06-15T15:10:38Z, scope=ROLE_USER}]
2025-06-15 17:13:15 [http-nio-8080-exec-5] DEBUG o.s.web.servlet.DispatcherServlet - Completed 200 OK
2025-06-15 17:13:18 [http-nio-8080-exec-6] DEBUG o.s.security.web.FilterChainProxy - Securing POST /auth/logout
2025-06-15 17:13:18 [http-nio-8080-exec-6] DEBUG o.s.s.w.a.logout.LogoutFilter - Logging out [null]
2025-06-15 17:13:18 [http-nio-8080-exec-6] DEBUG o.s.s.web.DefaultRedirectStrategy - Redirecting to /login?logout
2025-06-15 17:13:18 [http-nio-8080-exec-7] DEBUG o.s.security.web.FilterChainProxy - Securing GET /login?logout
2025-06-15 17:14:23 [http-nio-8080-exec-3] DEBUG o.s.security.web.FilterChainProxy - Securing GET /profile
2025-06-15 17:14:23 [http-nio-8080-exec-3] DEBUG o.s.s.o.s.r.a.JwtAuthenticationProvider - Authenticated token
2025-06-15 17:14:23 [http-nio-8080-exec-3] DEBUG o.s.s.o.s.r.w.a.BearerTokenAuthenticationFilter - Set SecurityContextHolder to JwtAuthenticationToken [Principal=org.springframework.security.oauth2.jwt.Jwt@a5c51f46, Credentials=[PROTECTED], Authenticated=true, Details=WebAuthenticationDetails [RemoteIpAddress=127.0.0.1, SessionId=null], Granted Authorities=[SCOPE_ROLE_USER]]
2025-06-15 17:14:23 [http-nio-8080-exec-3] DEBUG o.s.security.web.FilterChainProxy - Secured GET /profile
2025-06-15 17:14:23 [http-nio-8080-exec-3] DEBUG o.s.web.servlet.DispatcherServlet - GET "/profile", parameters={}
2025-06-15 17:14:23 [http-nio-8080-exec-3] DEBUG o.s.w.s.m.m.a.RequestMappingHandlerMapping - Mapped to app.controller.HomeController#profile()
2025-06-15 17:14:23 [http-nio-8080-exec-3] DEBUG o.s.w.s.m.m.a.RequestResponseBodyMethodProcessor - Using 'application/json', given [*/*] and supported [application/json, application/*+json]
2025-06-15 17:14:23 [http-nio-8080-exec-3] DEBUG o.s.w.s.m.m.a.RequestResponseBodyMethodProcessor - Writing [{iss=self, sub=alex, exp=2025-06-15T16:10:38Z, iat=2025-06-15T15:10:38Z, scope=ROLE_USER}]
2025-06-15 17:14:23 [http-nio-8080-exec-3] DEBUG o.s.web.servlet.DispatcherServlet - Completed 200 OK
2025-06-15 17:14:38 [http-nio-8080-exec-4] DEBUG o.s.security.web.FilterChainProxy - Securing POST /auth/logout
2025-06-15 17:14:38 [http-nio-8080-exec-4] DEBUG o.s.s.w.a.logout.LogoutFilter - Logging out [null]
2025-06-15 17:14:38 [http-nio-8080-exec-4] DEBUG o.s.s.web.DefaultRedirectStrategy - Redirecting to /login?logout
2025-06-15 17:14:38 [http-nio-8080-exec-5] DEBUG o.s.security.web.FilterChainProxy - Securing GET /login?logout
2025-06-15 17:14:45 [http-nio-8080-exec-6] DEBUG o.s.security.web.FilterChainProxy - Securing GET /profile
2025-06-15 17:14:45 [http-nio-8080-exec-6] DEBUG o.s.s.o.s.r.a.JwtAuthenticationProvider - Authenticated token
2025-06-15 17:14:45 [http-nio-8080-exec-6] DEBUG o.s.s.o.s.r.w.a.BearerTokenAuthenticationFilter - Set SecurityContextHolder to JwtAuthenticationToken [Principal=org.springframework.security.oauth2.jwt.Jwt@a5c51f46, Credentials=[PROTECTED], Authenticated=true, Details=WebAuthenticationDetails [RemoteIpAddress=127.0.0.1, SessionId=null], Granted Authorities=[SCOPE_ROLE_USER]]
2025-06-15 17:14:45 [http-nio-8080-exec-6] DEBUG o.s.security.web.FilterChainProxy - Secured GET /profile
2025-06-15 17:14:45 [http-nio-8080-exec-6] DEBUG o.s.web.servlet.DispatcherServlet - GET "/profile", parameters={}
2025-06-15 17:14:45 [http-nio-8080-exec-6] DEBUG o.s.w.s.m.m.a.RequestMappingHandlerMapping - Mapped to app.controller.HomeController#profile()
2025-06-15 17:14:45 [http-nio-8080-exec-6] DEBUG o.s.w.s.m.m.a.RequestResponseBodyMethodProcessor - Using 'application/json', given [*/*] and supported [application/json, application/*+json]
2025-06-15 17:14:45 [http-nio-8080-exec-6] DEBUG o.s.w.s.m.m.a.RequestResponseBodyMethodProcessor - Writing [{iss=self, sub=alex, exp=2025-06-15T16:10:38Z, iat=2025-06-15T15:10:38Z, scope=ROLE_USER}]
2025-06-15 17:14:45 [http-nio-8080-exec-6] DEBUG o.s.web.servlet.DispatcherServlet - Completed 200 OK
2025-06-15 17:22:59 [SpringApplicationShutdownHook] INFO  o.s.b.w.e.tomcat.GracefulShutdown - Commencing graceful shutdown. Waiting for active requests to complete
2025-06-15 17:22:59 [tomcat-shutdown] INFO  o.s.b.w.e.tomcat.GracefulShutdown - Graceful shutdown complete
2025-06-15 17:23:12 [main] INFO  app.Application - Starting Application using Java 23 with PID 9756 (F:\DEV\Spring-secure-api\target\classes started by ALEX in F:\DEV\Spring-secure-api)
2025-06-15 17:23:12 [main] INFO  app.Application - No active profile set, falling back to 1 default profile: "default"
2025-06-15 17:23:14 [main] INFO  o.s.b.w.e.tomcat.TomcatWebServer - Tomcat initialized with port 8080 (http)
2025-06-15 17:23:14 [main] INFO  o.a.coyote.http11.Http11NioProtocol - Initializing ProtocolHandler ["http-nio-8080"]
2025-06-15 17:23:14 [main] INFO  o.a.catalina.core.StandardService - Starting service [Tomcat]
2025-06-15 17:23:14 [main] INFO  o.a.catalina.core.StandardEngine - Starting Servlet engine: [Apache Tomcat/10.1.41]
2025-06-15 17:23:14 [main] INFO  o.a.c.c.C.[Tomcat].[localhost].[/] - Initializing Spring embedded WebApplicationContext
2025-06-15 17:23:14 [main] INFO  o.s.b.w.s.c.ServletWebServerApplicationContext - Root WebApplicationContext: initialization completed in 2181 ms
2025-06-15 17:23:14 [main] INFO  app.config.SecurityConfig - Initializing JWT Encoder...
2025-06-15 17:23:15 [main] INFO  app.config.SecurityConfig - Initializing in-memory user store...
2025-06-15 17:23:15 [main] INFO  app.config.SecurityConfig - Initializing AuthenticationManager...
2025-06-15 17:23:15 [main] INFO  app.config.SecurityConfig - Initializing JWT Decoder...
2025-06-15 17:23:15 [main] DEBUG o.s.w.s.m.m.a.RequestMappingHandlerMapping - 6 mappings in 'requestMappingHandlerMapping'
2025-06-15 17:23:15 [main] DEBUG o.s.w.s.h.SimpleUrlHandlerMapping - Patterns [/webjars/**, /**] in 'resourceHandlerMapping'
2025-06-15 17:23:15 [main] INFO  o.s.s.c.a.a.c.InitializeAuthenticationProviderBeanManagerConfigurer$InitializeAuthenticationProviderManagerConfigurer - Global AuthenticationManager configured with AuthenticationProvider bean with name customJwtAuthenticationProvider
2025-06-15 17:23:15 [main] WARN  o.s.s.c.a.a.c.InitializeUserDetailsBeanManagerConfigurer$InitializeUserDetailsManagerConfigurer - Global AuthenticationManager configured with an AuthenticationProvider bean. UserDetailsService beans will not be used by Spring Security for automatically configuring username/password login. Consider removing the AuthenticationProvider bean. Alternatively, consider using the UserDetailsService in a manually instantiated DaoAuthenticationProvider. If the current configuration is intentional, to turn off this warning, increase the logging level of 'org.springframework.security.config.annotation.authentication.configuration.InitializeUserDetailsBeanManagerConfigurer' to ERROR
2025-06-15 17:23:15 [main] INFO  app.config.SecurityConfig - Configuring security filter chain...
2025-06-15 17:23:15 [main] DEBUG o.s.s.web.DefaultSecurityFilterChain - Will secure any request with filters: DisableEncodeUrlFilter, WebAsyncManagerIntegrationFilter, SecurityContextHolderFilter, HeaderWriterFilter, LogoutFilter, UsernamePasswordAuthenticationFilter, DefaultResourcesFilter, DefaultLoginPageGeneratingFilter, DefaultLogoutPageGeneratingFilter, BearerTokenAuthenticationFilter, AuthenticationFilter, RequestCacheAwareFilter, SecurityContextHolderAwareRequestFilter, AnonymousAuthenticationFilter, SessionManagementFilter, ExceptionTranslationFilter, AuthorizationFilter
2025-06-15 17:23:15 [main] DEBUG o.s.w.s.m.m.a.RequestMappingHandlerAdapter - ControllerAdvice beans: 0 @ModelAttribute, 0 @InitBinder, 1 RequestBodyAdvice, 1 ResponseBodyAdvice
2025-06-15 17:23:15 [main] DEBUG o.s.w.s.m.m.a.ExceptionHandlerExceptionResolver - ControllerAdvice beans: 0 @ExceptionHandler, 1 ResponseBodyAdvice
2025-06-15 17:23:16 [main] INFO  o.a.coyote.http11.Http11NioProtocol - Starting ProtocolHandler ["http-nio-8080"]
2025-06-15 17:23:16 [main] INFO  o.s.b.w.e.tomcat.TomcatWebServer - Tomcat started on port 8080 (http) with context path '/'
2025-06-15 17:23:16 [main] INFO  app.Application - Started Application in 4.524 seconds (process running for 6.315)
2025-06-15 17:23:25 [http-nio-8080-exec-1] INFO  o.a.c.c.C.[Tomcat].[localhost].[/] - Initializing Spring DispatcherServlet 'dispatcherServlet'
2025-06-15 17:23:25 [http-nio-8080-exec-1] INFO  o.s.web.servlet.DispatcherServlet - Initializing Servlet 'dispatcherServlet'
2025-06-15 17:23:25 [http-nio-8080-exec-1] DEBUG o.s.web.servlet.DispatcherServlet - Detected StandardServletMultipartResolver
2025-06-15 17:23:25 [http-nio-8080-exec-1] DEBUG o.s.web.servlet.DispatcherServlet - Detected AcceptHeaderLocaleResolver
2025-06-15 17:23:25 [http-nio-8080-exec-1] DEBUG o.s.web.servlet.DispatcherServlet - Detected FixedThemeResolver
2025-06-15 17:23:25 [http-nio-8080-exec-1] DEBUG o.s.web.servlet.DispatcherServlet - Detected org.springframework.web.servlet.view.DefaultRequestToViewNameTranslator@52fd43
2025-06-15 17:23:25 [http-nio-8080-exec-1] DEBUG o.s.web.servlet.DispatcherServlet - Detected org.springframework.web.servlet.support.SessionFlashMapManager@61221591
2025-06-15 17:23:25 [http-nio-8080-exec-1] DEBUG o.s.web.servlet.DispatcherServlet - enableLoggingRequestDetails='false': request parameters and headers will be masked to prevent unsafe logging of potentially sensitive data
2025-06-15 17:23:25 [http-nio-8080-exec-1] INFO  o.s.web.servlet.DispatcherServlet - Completed initialization in 6 ms
2025-06-15 17:23:25 [http-nio-8080-exec-1] DEBUG o.s.security.web.FilterChainProxy - Securing GET /profile
2025-06-15 17:23:26 [http-nio-8080-exec-1] DEBUG o.s.s.o.s.r.a.JwtAuthenticationProvider - Authenticated token
2025-06-15 17:23:26 [http-nio-8080-exec-1] DEBUG o.s.s.o.s.r.w.a.BearerTokenAuthenticationFilter - Set SecurityContextHolder to JwtAuthenticationToken [Principal=org.springframework.security.oauth2.jwt.Jwt@a5c51f46, Credentials=[PROTECTED], Authenticated=true, Details=WebAuthenticationDetails [RemoteIpAddress=127.0.0.1, SessionId=null], Granted Authorities=[SCOPE_ROLE_USER]]
2025-06-15 17:23:26 [http-nio-8080-exec-1] DEBUG o.s.security.web.FilterChainProxy - Secured GET /profile
2025-06-15 17:23:26 [http-nio-8080-exec-1] DEBUG o.s.web.servlet.DispatcherServlet - GET "/profile", parameters={}
2025-06-15 17:23:26 [http-nio-8080-exec-1] DEBUG o.s.w.s.m.m.a.RequestMappingHandlerMapping - Mapped to app.controller.HomeController#profile()
2025-06-15 17:23:26 [http-nio-8080-exec-1] DEBUG o.s.w.s.m.m.a.RequestResponseBodyMethodProcessor - Using 'application/json', given [*/*] and supported [application/json, application/*+json]
2025-06-15 17:23:26 [http-nio-8080-exec-1] DEBUG o.s.w.s.m.m.a.RequestResponseBodyMethodProcessor - Writing [{iss=self, sub=alex, exp=2025-06-15T16:10:38Z, iat=2025-06-15T15:10:38Z, scope=ROLE_USER}]
2025-06-15 17:23:26 [http-nio-8080-exec-1] DEBUG o.s.web.servlet.DispatcherServlet - Completed 200 OK
2025-06-15 17:23:28 [http-nio-8080-exec-2] DEBUG o.s.security.web.FilterChainProxy - Securing POST /auth/logout
2025-06-15 17:23:28 [http-nio-8080-exec-2] DEBUG o.s.s.w.a.logout.LogoutFilter - Logging out [null]
2025-06-15 17:23:28 [http-nio-8080-exec-2] INFO  app.config.SecurityConfig - User successfully logged out
2025-06-15 17:23:34 [http-nio-8080-exec-3] DEBUG o.s.security.web.FilterChainProxy - Securing GET /profile
2025-06-15 17:23:34 [http-nio-8080-exec-3] DEBUG o.s.s.o.s.r.a.JwtAuthenticationProvider - Authenticated token
2025-06-15 17:23:34 [http-nio-8080-exec-3] DEBUG o.s.s.o.s.r.w.a.BearerTokenAuthenticationFilter - Set SecurityContextHolder to JwtAuthenticationToken [Principal=org.springframework.security.oauth2.jwt.Jwt@a5c51f46, Credentials=[PROTECTED], Authenticated=true, Details=WebAuthenticationDetails [RemoteIpAddress=127.0.0.1, SessionId=null], Granted Authorities=[SCOPE_ROLE_USER]]
2025-06-15 17:23:34 [http-nio-8080-exec-3] DEBUG o.s.security.web.FilterChainProxy - Secured GET /profile
2025-06-15 17:23:34 [http-nio-8080-exec-3] DEBUG o.s.web.servlet.DispatcherServlet - GET "/profile", parameters={}
2025-06-15 17:23:34 [http-nio-8080-exec-3] DEBUG o.s.w.s.m.m.a.RequestMappingHandlerMapping - Mapped to app.controller.HomeController#profile()
2025-06-15 17:23:34 [http-nio-8080-exec-3] DEBUG o.s.w.s.m.m.a.RequestResponseBodyMethodProcessor - Using 'application/json', given [*/*] and supported [application/json, application/*+json]
2025-06-15 17:23:34 [http-nio-8080-exec-3] DEBUG o.s.w.s.m.m.a.RequestResponseBodyMethodProcessor - Writing [{iss=self, sub=alex, exp=2025-06-15T16:10:38Z, iat=2025-06-15T15:10:38Z, scope=ROLE_USER}]
2025-06-15 17:23:34 [http-nio-8080-exec-3] DEBUG o.s.web.servlet.DispatcherServlet - Completed 200 OK
2025-06-15 17:23:39 [http-nio-8080-exec-4] DEBUG o.s.security.web.FilterChainProxy - Securing GET /
2025-06-15 17:23:39 [http-nio-8080-exec-4] DEBUG o.s.s.o.s.r.a.JwtAuthenticationProvider - Authenticated token
2025-06-15 17:23:39 [http-nio-8080-exec-4] DEBUG o.s.s.o.s.r.w.a.BearerTokenAuthenticationFilter - Set SecurityContextHolder to JwtAuthenticationToken [Principal=org.springframework.security.oauth2.jwt.Jwt@a5c51f46, Credentials=[PROTECTED], Authenticated=true, Details=WebAuthenticationDetails [RemoteIpAddress=127.0.0.1, SessionId=null], Granted Authorities=[SCOPE_ROLE_USER]]
2025-06-15 17:23:39 [http-nio-8080-exec-4] DEBUG o.s.security.web.FilterChainProxy - Secured GET /
2025-06-15 17:23:39 [http-nio-8080-exec-4] DEBUG o.s.web.servlet.DispatcherServlet - GET "/", parameters={}
2025-06-15 17:23:39 [http-nio-8080-exec-4] DEBUG o.s.w.s.m.m.a.RequestMappingHandlerMapping - Mapped to app.controller.HomeController#home(Principal)
2025-06-15 17:23:40 [http-nio-8080-exec-4] DEBUG o.s.w.s.m.m.a.RequestResponseBodyMethodProcessor - Using 'application/json', given [*/*] and supported [application/json, application/*+json]
2025-06-15 17:23:40 [http-nio-8080-exec-4] DEBUG o.s.w.s.m.m.a.RequestResponseBodyMethodProcessor - Writing [{username=alex, message=Welcome to the API}]
2025-06-15 17:23:40 [http-nio-8080-exec-4] DEBUG o.s.web.servlet.DispatcherServlet - Completed 200 OK
